2018-11-05 21:31:28,620 [main] INFO  c.g.t.t.d.PublishedGradleVersions - Gradle version information cache file is out-of-date. Remote download required.
2018-11-09 19:24:27,421 [main] INFO  c.g.t.t.d.PublishedGradleVersions - Gradle version information cache file is out-of-date. Remote download required.
2018-11-09 21:20:20,186 [main] INFO  c.g.t.t.d.PublishedGradleVersions - Gradle version information cache file is not out-of-date. No remote download required.
2018-11-12 19:28:26,632 [main] INFO  c.g.t.t.d.PublishedGradleVersions - Gradle version information cache file is out-of-date. Remote download required.
2018-11-14 19:40:45,980 [main] INFO  c.g.t.t.d.PublishedGradleVersions - Gradle version information cache file is out-of-date. Remote download required.
2018-11-16 19:15:49,267 [main] INFO  c.g.t.t.d.PublishedGradleVersions - Gradle version information cache file is out-of-date. Remote download required.
2018-11-16 20:27:57,218 [main] INFO  c.g.t.t.d.PublishedGradleVersions - Gradle version information cache file is not out-of-date. No remote download required.
2018-11-21 19:34:08,329 [main] INFO  c.g.t.t.d.PublishedGradleVersions - Gradle version information cache file is out-of-date. Remote download required.
2018-11-26 21:03:26,116 [main] INFO  c.g.t.t.d.PublishedGradleVersions - Gradle version information cache file is out-of-date. Remote download required.
2018-11-28 20:07:06,646 [main] INFO  c.g.t.t.d.PublishedGradleVersions - Gradle version information cache file is out-of-date. Remote download required.
2018-11-30 19:40:41,356 [main] INFO  c.g.t.t.d.PublishedGradleVersions - Gradle version information cache file is out-of-date. Remote download required.
2018-12-03 20:09:25,627 [main] INFO  c.g.t.t.d.PublishedGradleVersions - Gradle version information cache file is out-of-date. Remote download required.
2018-12-05 20:14:14,303 [main] INFO  c.g.t.t.d.PublishedGradleVersions - Gradle version information cache file is out-of-date. Remote download required.
2018-12-07 19:38:20,642 [main] INFO  c.g.t.t.d.PublishedGradleVersions - Gradle version information cache file is out-of-date. Remote download required.
2018-12-07 19:54:50,153 [Start Help Server] INFO  org.eclipse.jetty.util.log - Logging initialized @2358699ms
2018-12-07 19:54:50,638 [Start Help Server] INFO  org.eclipse.jetty.server.Server - jetty-9.2.13.v20150730
2018-12-07 19:54:50,755 [Start Help Server] INFO  o.e.j.server.handler.ContextHandler - Started o.e.j.s.ServletContextHandler@1ba440bf{/help,null,AVAILABLE}
2018-12-07 19:54:50,815 [Start Help Server] INFO  o.e.jetty.server.ServerConnector - Started ServerConnector@2a0ba57b{HTTP/1.1}{127.0.0.1:50655}
2018-12-07 19:54:50,817 [Start Help Server] INFO  org.eclipse.jetty.server.Server - Started @2359363ms
2018-12-07 21:35:37,761 [Stop Help Server] INFO  o.e.jetty.server.ServerConnector - Stopped ServerConnector@2a0ba57b{HTTP/1.1}{127.0.0.1:0}
2018-12-07 21:35:37,833 [Stop Help Server] INFO  o.e.j.server.handler.ContextHandler - Stopped o.e.j.s.ServletContextHandler@1ba440bf{/help,null,UNAVAILABLE}
2018-12-14 20:17:38,860 [main] INFO  c.g.t.t.d.PublishedGradleVersions - Gradle version information cache file is out-of-date. Remote download required.
2018-12-17 19:41:30,202 [main] INFO  c.g.t.t.d.PublishedGradleVersions - Gradle version information cache file is out-of-date. Remote download required.
2018-12-19 19:25:09,429 [main] INFO  c.g.t.t.d.PublishedGradleVersions - Gradle version information cache file is out-of-date. Remote download required.
2018-12-26 19:26:50,689 [main] INFO  c.g.t.t.d.PublishedGradleVersions - Gradle version information cache file is out-of-date. Remote download required.
2019-01-07 19:17:19,498 [main] INFO  c.g.t.t.d.PublishedGradleVersions - Gradle version information cache file is not out-of-date. No remote download required.
2019-01-08 10:02:44,401 [main] INFO  c.g.t.t.d.PublishedGradleVersions - Gradle version information cache file is not out-of-date. No remote download required.
2019-01-09 20:06:21,228 [main] INFO  c.g.t.t.d.PublishedGradleVersions - Gradle version information cache file is not out-of-date. No remote download required.
